{"name":"hexo","hostname":"CJJ","pid":15320,"level":20,"msg":"Hexo version: 3.3.8","time":"2018-08-28T07:14:58.177Z","v":0}
{"name":"hexo","hostname":"CJJ","pid":15320,"level":20,"msg":"Working directory: F:\\Blog\\st\\","time":"2018-08-28T07:14:58.179Z","v":0}
{"name":"hexo","hostname":"CJJ","pid":15320,"level":20,"msg":"Config loaded: F:\\Blog\\st\\_config.yml","time":"2018-08-28T07:14:58.292Z","v":0}
{"name":"hexo","hostname":"CJJ","pid":15320,"level":20,"msg":"Plugin loaded: hexo-filter-highlight","time":"2018-08-28T07:14:58.305Z","v":0}
{"name":"hexo","hostname":"CJJ","pid":15320,"level":20,"msg":"Plugin loaded: hexo-deployer-git","time":"2018-08-28T07:14:58.320Z","v":0}
{"name":"hexo","hostname":"CJJ","pid":15320,"level":20,"msg":"Plugin loaded: hexo-generator-archive","time":"2018-08-28T07:14:58.323Z","v":0}
{"name":"hexo","hostname":"CJJ","pid":15320,"level":20,"msg":"Plugin loaded: hexo-generator-category","time":"2018-08-28T07:14:58.325Z","v":0}
{"name":"hexo","hostname":"CJJ","pid":15320,"level":20,"msg":"Plugin loaded: hexo-generator-index","time":"2018-08-28T07:14:58.329Z","v":0}
{"name":"hexo","hostname":"CJJ","pid":15320,"level":20,"msg":"Plugin loaded: hexo-generator-search","time":"2018-08-28T07:14:58.335Z","v":0}
{"name":"hexo","hostname":"CJJ","pid":15320,"level":20,"msg":"Plugin loaded: hexo-prism-plugin","time":"2018-08-28T07:14:58.686Z","v":0}
{"name":"hexo","hostname":"CJJ","pid":15320,"level":20,"msg":"Plugin loaded: hexo-generator-tag","time":"2018-08-28T07:14:58.688Z","v":0}
{"name":"hexo","hostname":"CJJ","pid":15320,"level":20,"msg":"Plugin loaded: hexo-renderer-marked","time":"2018-08-28T07:14:58.693Z","v":0}
{"name":"hexo","hostname":"CJJ","pid":15320,"level":20,"msg":"Plugin loaded: hexo-renderer-stylus","time":"2018-08-28T07:14:58.694Z","v":0}
{"name":"hexo","hostname":"CJJ","pid":15320,"level":20,"msg":"Plugin loaded: hexo-renderer-ejs","time":"2018-08-28T07:14:58.697Z","v":0}
{"name":"hexo","hostname":"CJJ","pid":15320,"level":20,"msg":"Plugin loaded: hexo-server","time":"2018-08-28T07:14:58.768Z","v":0}
{"name":"hexo","hostname":"CJJ","pid":15320,"level":20,"msg":"Loading database.","time":"2018-08-28T07:14:58.770Z","v":0}
{"name":"hexo","hostname":"CJJ","pid":15320,"level":30,"msg":"Start processing","time":"2018-08-28T07:14:58.840Z","v":0}
{"name":"hexo","hostname":"CJJ","pid":15320,"level":20,"msg":"Processed: Category/index.md","time":"2018-08-28T07:14:58.911Z","v":0}
{"name":"hexo","hostname":"CJJ","pid":15320,"level":20,"msg":"Processed: _drafts/ProducerObserverArbiter.md","time":"2018-08-28T07:14:58.911Z","v":0}
{"name":"hexo","hostname":"CJJ","pid":15320,"level":20,"msg":"Processed: _drafts/SpanTextView的错误.md","time":"2018-08-28T07:14:58.911Z","v":0}
{"name":"hexo","hostname":"CJJ","pid":15320,"level":20,"msg":"Processed: _drafts/launchMode.md","time":"2018-08-28T07:14:58.911Z","v":0}
{"name":"hexo","hostname":"CJJ","pid":15320,"level":20,"msg":"Processed: _posts/ConstraintLayout.md","time":"2018-08-28T07:14:58.911Z","v":0}
{"name":"hexo","hostname":"CJJ","pid":15320,"level":20,"msg":"Processed: _posts/Gradle的一些小知识-不定期更新.md","time":"2018-08-28T07:14:58.911Z","v":0}
{"name":"hexo","hostname":"CJJ","pid":15320,"level":20,"msg":"Processed: _posts/Hexo-github搭建个人博客.md","time":"2018-08-28T07:14:58.911Z","v":0}
{"name":"hexo","hostname":"CJJ","pid":15320,"level":20,"msg":"Processed: _posts/LinearLayoutManager源码阅读（滑动）.md","time":"2018-08-28T07:14:58.911Z","v":0}
{"name":"hexo","hostname":"CJJ","pid":15320,"level":20,"msg":"Processed: _posts/MotionLayout.md","time":"2018-08-28T07:14:58.911Z","v":0}
{"name":"hexo","hostname":"CJJ","pid":15320,"level":20,"msg":"Processed: _posts/Parcelable.md","time":"2018-08-28T07:14:58.911Z","v":0}
{"name":"hexo","hostname":"CJJ","pid":15320,"level":20,"msg":"Processed: _posts/RxJava-Scheduler一点理解.md","time":"2018-08-28T07:14:58.911Z","v":0}
{"name":"hexo","hostname":"CJJ","pid":15320,"level":20,"msg":"Processed: _posts/RxJava中的-Producer.md","time":"2018-08-28T07:14:58.911Z","v":0}
{"name":"hexo","hostname":"CJJ","pid":15320,"level":20,"msg":"Processed: _posts/SpanTextView.md","time":"2018-08-28T07:14:58.911Z","v":0}
{"name":"hexo","hostname":"CJJ","pid":15320,"level":20,"msg":"Processed: _posts/Rxjava-retryWhen和repeatWhen操作符原理.md","time":"2018-08-28T07:14:58.912Z","v":0}
{"name":"hexo","hostname":"CJJ","pid":15320,"level":20,"msg":"Processed: _posts/关于AndroidStudio下的idea目录.md","time":"2018-08-28T07:14:58.912Z","v":0}
{"name":"hexo","hostname":"CJJ","pid":15320,"level":20,"msg":"Processed: _posts/关于事件机制的总结.md","time":"2018-08-28T07:14:58.912Z","v":0}
{"name":"hexo","hostname":"CJJ","pid":15320,"level":20,"msg":"Processed: _posts/关于RecyclerView的一个有趣的事情.md","time":"2018-08-28T07:14:58.912Z","v":0}
{"name":"hexo","hostname":"CJJ","pid":15320,"level":20,"msg":"Processed: categories/index.md","time":"2018-08-28T07:14:58.912Z","v":0}
{"name":"hexo","hostname":"CJJ","pid":15320,"level":20,"msg":"Processed: _posts/自行处理Fling导致RecyclerView-滑动点击事件无效.md","time":"2018-08-28T07:14:58.912Z","v":0}
{"name":"hexo","hostname":"CJJ","pid":15320,"level":20,"msg":"Processed: tags/index.md","time":"2018-08-28T07:14:58.912Z","v":0}
{"name":"hexo","hostname":"CJJ","pid":15320,"level":20,"msg":"Processed: _posts/关于DataBinding的一些知识.md","time":"2018-08-28T07:14:58.913Z","v":0}
{"name":"hexo","hostname":"CJJ","pid":15320,"level":20,"msg":"Theme config loaded.","time":"2018-08-28T07:14:58.936Z","v":0}
{"name":"hexo","hostname":"CJJ","pid":15320,"level":20,"msg":"Processed: _config.yml","time":"2018-08-28T07:14:58.937Z","v":0}
{"name":"hexo","hostname":"CJJ","pid":15320,"level":20,"msg":"Processed: source/favicon.ico","time":"2018-08-28T07:14:58.937Z","v":0}
{"name":"hexo","hostname":"CJJ","pid":15320,"level":20,"msg":"Processed: source/css/font-awesome.min.css","time":"2018-08-28T07:14:58.951Z","v":0}
{"name":"hexo","hostname":"CJJ","pid":15320,"level":20,"msg":"Processed: source/css/Vateral.css","time":"2018-08-28T07:14:58.952Z","v":0}
{"name":"hexo","hostname":"CJJ","pid":15320,"level":20,"msg":"Processed: source/css/Vateral.min.css","time":"2018-08-28T07:14:58.952Z","v":0}
{"name":"hexo","hostname":"CJJ","pid":15320,"level":20,"msg":"Processed: source/css/main.min.css","time":"2018-08-28T07:14:58.953Z","v":0}
{"name":"hexo","hostname":"CJJ","pid":15320,"level":20,"msg":"Processed: source/css/magnific-popup.css","time":"2018-08-28T07:14:58.953Z","v":0}
{"name":"hexo","hostname":"CJJ","pid":15320,"level":20,"msg":"Processed: source/css/nprogress.min.css","time":"2018-08-28T07:14:58.953Z","v":0}
{"name":"hexo","hostname":"CJJ","pid":15320,"level":20,"msg":"Processed: source/css/nprogress.css","time":"2018-08-28T07:14:58.953Z","v":0}
{"name":"hexo","hostname":"CJJ","pid":15320,"level":20,"msg":"Processed: source/css/templatemo_style.css","time":"2018-08-28T07:14:58.954Z","v":0}
{"name":"hexo","hostname":"CJJ","pid":15320,"level":20,"msg":"Processed: source/fonts/MaterialIcons-Regular.woff","time":"2018-08-28T07:14:58.954Z","v":0}
{"name":"hexo","hostname":"CJJ","pid":15320,"level":20,"msg":"Processed: source/fonts/MaterialIcons-Regular.woff2","time":"2018-08-28T07:14:58.955Z","v":0}
{"name":"hexo","hostname":"CJJ","pid":15320,"level":20,"msg":"Processed: source/images/header.png","time":"2018-08-28T07:14:58.955Z","v":0}
{"name":"hexo","hostname":"CJJ","pid":15320,"level":20,"msg":"Processed: source/js/LICENSE.md","time":"2018-08-28T07:14:58.956Z","v":0}
{"name":"hexo","hostname":"CJJ","pid":15320,"level":20,"msg":"Processed: source/js/README.md","time":"2018-08-28T07:14:58.956Z","v":0}
{"name":"hexo","hostname":"CJJ","pid":15320,"level":20,"msg":"Processed: source/js/Vateral.js","time":"2018-08-28T07:14:58.956Z","v":0}
{"name":"hexo","hostname":"CJJ","pid":15320,"level":20,"msg":"Processed: source/js/Vateral.min.js","time":"2018-08-28T07:14:58.957Z","v":0}
{"name":"hexo","hostname":"CJJ","pid":15320,"level":20,"msg":"Processed: source/js/bower.json","time":"2018-08-28T07:14:58.957Z","v":0}
{"name":"hexo","hostname":"CJJ","pid":15320,"level":20,"msg":"Processed: source/js/exif.js","time":"2018-08-28T07:14:58.957Z","v":0}
{"name":"hexo","hostname":"CJJ","pid":15320,"level":20,"msg":"Processed: source/js/jquery.easing.1.3.js","time":"2018-08-28T07:14:58.957Z","v":0}
{"name":"hexo","hostname":"CJJ","pid":15320,"level":20,"msg":"Processed: source/js/jquery.magnific-popup.min.js","time":"2018-08-28T07:14:58.957Z","v":0}
{"name":"hexo","hostname":"CJJ","pid":15320,"level":20,"msg":"Processed: source/js/jquery.pjax.js","time":"2018-08-28T07:14:58.957Z","v":0}
{"name":"hexo","hostname":"CJJ","pid":15320,"level":20,"msg":"Processed: source/js/jquery.pjax.min.js","time":"2018-08-28T07:14:58.958Z","v":0}
{"name":"hexo","hostname":"CJJ","pid":15320,"level":20,"msg":"Processed: source/js/jquery.rotate.min.js","time":"2018-08-28T07:14:58.958Z","v":0}
{"name":"hexo","hostname":"CJJ","pid":15320,"level":20,"msg":"Processed: source/js/main.min.js","time":"2018-08-28T07:14:58.958Z","v":0}
{"name":"hexo","hostname":"CJJ","pid":15320,"level":20,"msg":"Processed: source/js/lazyload.min.js","time":"2018-08-28T07:14:58.958Z","v":0}
{"name":"hexo","hostname":"CJJ","pid":15320,"level":20,"msg":"Processed: source/js/modernizr.2.5.3.min.js","time":"2018-08-28T07:14:58.959Z","v":0}
{"name":"hexo","hostname":"CJJ","pid":15320,"level":20,"msg":"Processed: source/js/nprogress.js","time":"2018-08-28T07:14:58.960Z","v":0}
{"name":"hexo","hostname":"CJJ","pid":15320,"level":20,"msg":"Processed: source/js/photopage.js","time":"2018-08-28T07:14:58.960Z","v":0}
{"name":"hexo","hostname":"CJJ","pid":15320,"level":20,"msg":"Processed: source/js/package.json","time":"2018-08-28T07:14:58.960Z","v":0}
{"name":"hexo","hostname":"CJJ","pid":15320,"level":20,"msg":"Processed: source/js/nprogress.min.js","time":"2018-08-28T07:14:58.960Z","v":0}
{"name":"hexo","hostname":"CJJ","pid":15320,"level":20,"msg":"Processed: source/js/templatemo_script.js","time":"2018-08-28T07:14:58.960Z","v":0}
{"name":"hexo","hostname":"CJJ","pid":15320,"level":20,"msg":"Processed: _posts/ProducerArbiter.md","time":"2018-08-28T07:14:58.984Z","v":0}
{"name":"hexo","hostname":"CJJ","pid":15320,"level":20,"msg":"Processed: languages/fr.yml","time":"2018-08-28T07:14:58.984Z","v":0}
{"name":"hexo","hostname":"CJJ","pid":15320,"level":20,"msg":"Processed: languages/zh-CN.yml","time":"2018-08-28T07:14:58.984Z","v":0}
{"name":"hexo","hostname":"CJJ","pid":15320,"level":20,"msg":"Processed: languages/nl.yml","time":"2018-08-28T07:14:58.985Z","v":0}
{"name":"hexo","hostname":"CJJ","pid":15320,"level":20,"msg":"Processed: languages/no.yml","time":"2018-08-28T07:14:58.985Z","v":0}
{"name":"hexo","hostname":"CJJ","pid":15320,"level":20,"msg":"Processed: languages/ru.yml","time":"2018-08-28T07:14:58.985Z","v":0}
{"name":"hexo","hostname":"CJJ","pid":15320,"level":20,"msg":"Processed: languages/default.yml","time":"2018-08-28T07:14:58.985Z","v":0}
{"name":"hexo","hostname":"CJJ","pid":15320,"level":20,"msg":"Processed: source/css/materialize.min.css","time":"2018-08-28T07:14:58.985Z","v":0}
{"name":"hexo","hostname":"CJJ","pid":15320,"level":20,"msg":"Processed: source/fonts/FontAwesome.otf","time":"2018-08-28T07:14:58.985Z","v":0}
{"name":"hexo","hostname":"CJJ","pid":15320,"level":20,"msg":"Processed: source/fonts/MaterialIcons-Regular.ttf","time":"2018-08-28T07:14:58.985Z","v":0}
{"name":"hexo","hostname":"CJJ","pid":15320,"level":20,"msg":"Processed: source/fonts/fontawesome-webfont.eot","time":"2018-08-28T07:14:58.985Z","v":0}
{"name":"hexo","hostname":"CJJ","pid":15320,"level":20,"msg":"Processed: source/fonts/fontawesome-webfont.woff","time":"2018-08-28T07:14:58.986Z","v":0}
{"name":"hexo","hostname":"CJJ","pid":15320,"level":20,"msg":"Processed: source/fonts/fontawesome-webfont.woff2","time":"2018-08-28T07:14:58.987Z","v":0}
{"name":"hexo","hostname":"CJJ","pid":15320,"level":20,"msg":"Processed: source/js/jquery-3.1.1.min.js","time":"2018-08-28T07:14:58.987Z","v":0}
{"name":"hexo","hostname":"CJJ","pid":15320,"level":20,"msg":"Processed: layout/category.ejs","time":"2018-08-28T07:14:58.997Z","v":0}
{"name":"hexo","hostname":"CJJ","pid":15320,"level":20,"msg":"Processed: layout/friends.ejs","time":"2018-08-28T07:14:58.997Z","v":0}
{"name":"hexo","hostname":"CJJ","pid":15320,"level":20,"msg":"Processed: layout/index.ejs","time":"2018-08-28T07:14:58.997Z","v":0}
{"name":"hexo","hostname":"CJJ","pid":15320,"level":20,"msg":"Processed: layout/about.ejs","time":"2018-08-28T07:14:58.997Z","v":0}
{"name":"hexo","hostname":"CJJ","pid":15320,"level":20,"msg":"Processed: layout/layout.ejs","time":"2018-08-28T07:14:58.997Z","v":0}
{"name":"hexo","hostname":"CJJ","pid":15320,"level":20,"msg":"Processed: layout/photo.ejs","time":"2018-08-28T07:14:58.997Z","v":0}
{"name":"hexo","hostname":"CJJ","pid":15320,"level":20,"msg":"Processed: layout/archive.ejs","time":"2018-08-28T07:14:58.997Z","v":0}
{"name":"hexo","hostname":"CJJ","pid":15320,"level":20,"msg":"Processed: layout/tag.ejs","time":"2018-08-28T07:14:58.997Z","v":0}
{"name":"hexo","hostname":"CJJ","pid":15320,"level":20,"msg":"Processed: layout/post.ejs","time":"2018-08-28T07:14:58.997Z","v":0}
{"name":"hexo","hostname":"CJJ","pid":15320,"level":20,"msg":"Processed: languages/zh-tw.yml","time":"2018-08-28T07:14:59.003Z","v":0}
{"name":"hexo","hostname":"CJJ","pid":15320,"level":20,"msg":"Processed: source/fonts/MaterialIcons-Regular.eot","time":"2018-08-28T07:14:59.003Z","v":0}
{"name":"hexo","hostname":"CJJ","pid":15320,"level":20,"msg":"Processed: source/fonts/fontawesome-webfont.ttf","time":"2018-08-28T07:14:59.003Z","v":0}
{"name":"hexo","hostname":"CJJ","pid":15320,"level":20,"msg":"Processed: source/fonts/roboto/Roboto-Bold.woff","time":"2018-08-28T07:14:59.003Z","v":0}
{"name":"hexo","hostname":"CJJ","pid":15320,"level":20,"msg":"Processed: source/fonts/roboto/Roboto-Bold.eot","time":"2018-08-28T07:14:59.003Z","v":0}
{"name":"hexo","hostname":"CJJ","pid":15320,"level":20,"msg":"Processed: source/fonts/roboto/Roboto-Bold.woff2","time":"2018-08-28T07:14:59.003Z","v":0}
{"name":"hexo","hostname":"CJJ","pid":15320,"level":20,"msg":"Processed: source/fonts/roboto/Roboto-Light.eot","time":"2018-08-28T07:14:59.003Z","v":0}
{"name":"hexo","hostname":"CJJ","pid":15320,"level":20,"msg":"Processed: source/fonts/roboto/Roboto-Light.woff","time":"2018-08-28T07:14:59.003Z","v":0}
{"name":"hexo","hostname":"CJJ","pid":15320,"level":20,"msg":"Processed: source/fonts/roboto/Roboto-Light.woff2","time":"2018-08-28T07:14:59.004Z","v":0}
{"name":"hexo","hostname":"CJJ","pid":15320,"level":20,"msg":"Processed: source/fonts/roboto/Roboto-Medium.eot","time":"2018-08-28T07:14:59.004Z","v":0}
{"name":"hexo","hostname":"CJJ","pid":15320,"level":20,"msg":"Processed: source/fonts/roboto/Roboto-Medium.woff","time":"2018-08-28T07:14:59.004Z","v":0}
{"name":"hexo","hostname":"CJJ","pid":15320,"level":20,"msg":"Processed: source/fonts/roboto/Roboto-Medium.woff2","time":"2018-08-28T07:14:59.004Z","v":0}
{"name":"hexo","hostname":"CJJ","pid":15320,"level":20,"msg":"Processed: source/fonts/roboto/Roboto-Regular.eot","time":"2018-08-28T07:14:59.005Z","v":0}
{"name":"hexo","hostname":"CJJ","pid":15320,"level":20,"msg":"Processed: source/fonts/roboto/Roboto-Regular.woff","time":"2018-08-28T07:14:59.005Z","v":0}
{"name":"hexo","hostname":"CJJ","pid":15320,"level":20,"msg":"Processed: source/fonts/roboto/Roboto-Regular.woff2","time":"2018-08-28T07:14:59.005Z","v":0}
{"name":"hexo","hostname":"CJJ","pid":15320,"level":20,"msg":"Processed: source/fonts/roboto/Roboto-Thin.eot","time":"2018-08-28T07:14:59.005Z","v":0}
{"name":"hexo","hostname":"CJJ","pid":15320,"level":20,"msg":"Processed: source/fonts/roboto/Roboto-Thin.woff","time":"2018-08-28T07:14:59.005Z","v":0}
{"name":"hexo","hostname":"CJJ","pid":15320,"level":20,"msg":"Processed: source/fonts/roboto/Roboto-Thin.woff2","time":"2018-08-28T07:14:59.005Z","v":0}
{"name":"hexo","hostname":"CJJ","pid":15320,"level":20,"msg":"Processed: source/images/header-bg.png","time":"2018-08-28T07:14:59.005Z","v":0}
{"name":"hexo","hostname":"CJJ","pid":15320,"level":20,"msg":"Processed: source/images/link/all.png","time":"2018-08-28T07:14:59.005Z","v":0}
{"name":"hexo","hostname":"CJJ","pid":15320,"level":20,"msg":"Processed: source/js/materialize.min.js","time":"2018-08-28T07:14:59.005Z","v":0}
{"name":"hexo","hostname":"CJJ","pid":15320,"level":20,"msg":"Processed: source/fonts/roboto/Roboto-Bold.ttf","time":"2018-08-28T07:14:59.011Z","v":0}
{"name":"hexo","hostname":"CJJ","pid":15320,"level":20,"msg":"Processed: source/fonts/roboto/Roboto-Light.ttf","time":"2018-08-28T07:14:59.011Z","v":0}
{"name":"hexo","hostname":"CJJ","pid":15320,"level":20,"msg":"Processed: source/fonts/roboto/Roboto-Medium.ttf","time":"2018-08-28T07:14:59.011Z","v":0}
{"name":"hexo","hostname":"CJJ","pid":15320,"level":20,"msg":"Processed: source/fonts/roboto/Roboto-Regular.ttf","time":"2018-08-28T07:14:59.011Z","v":0}
{"name":"hexo","hostname":"CJJ","pid":15320,"level":20,"msg":"Processed: source/fonts/roboto/Roboto-Thin.ttf","time":"2018-08-28T07:14:59.012Z","v":0}
{"name":"hexo","hostname":"CJJ","pid":15320,"level":20,"msg":"Processed: source/images/random/vateral-15.png","time":"2018-08-28T07:14:59.013Z","v":0}
{"name":"hexo","hostname":"CJJ","pid":15320,"level":20,"msg":"Processed: source/images/random/vateral-16.png","time":"2018-08-28T07:14:59.013Z","v":0}
{"name":"hexo","hostname":"CJJ","pid":15320,"level":20,"msg":"Processed: source/images/random/vateral-17.png","time":"2018-08-28T07:14:59.013Z","v":0}
{"name":"hexo","hostname":"CJJ","pid":15320,"level":20,"msg":"Processed: source/images/random/vateral-13.png","time":"2018-08-28T07:14:59.013Z","v":0}
{"name":"hexo","hostname":"CJJ","pid":15320,"level":20,"msg":"Processed: source/images/random/vateral-4.png","time":"2018-08-28T07:14:59.013Z","v":0}
{"name":"hexo","hostname":"CJJ","pid":15320,"level":20,"msg":"Processed: source/images/random/vateral-6.png","time":"2018-08-28T07:14:59.013Z","v":0}
{"name":"hexo","hostname":"CJJ","pid":15320,"level":20,"msg":"Processed: layout/partials/footer.ejs","time":"2018-08-28T07:14:59.032Z","v":0}
{"name":"hexo","hostname":"CJJ","pid":15320,"level":20,"msg":"Processed: layout/partials/nav-left-list.ejs","time":"2018-08-28T07:14:59.032Z","v":0}
{"name":"hexo","hostname":"CJJ","pid":15320,"level":20,"msg":"Processed: layout/partials/nav-left.ejs","time":"2018-08-28T07:14:59.032Z","v":0}
{"name":"hexo","hostname":"CJJ","pid":15320,"level":20,"msg":"Processed: layout/partials/nav-left-head.ejs","time":"2018-08-28T07:14:59.032Z","v":0}
{"name":"hexo","hostname":"CJJ","pid":15320,"level":20,"msg":"Processed: layout/partials/recent-head.ejs","time":"2018-08-28T07:14:59.032Z","v":0}
{"name":"hexo","hostname":"CJJ","pid":15320,"level":20,"msg":"Processed: layout/partials/recent-posts.ejs","time":"2018-08-28T07:14:59.032Z","v":0}
{"name":"hexo","hostname":"CJJ","pid":15320,"level":20,"msg":"Processed: layout/partials/recent-posts-noup.ejs","time":"2018-08-28T07:14:59.033Z","v":0}
{"name":"hexo","hostname":"CJJ","pid":15320,"level":20,"msg":"Processed: layout/partials/pagination.ejs","time":"2018-08-28T07:14:59.033Z","v":0}
{"name":"hexo","hostname":"CJJ","pid":15320,"level":20,"msg":"Processed: source/images/coverpic.png","time":"2018-08-28T07:14:59.033Z","v":0}
{"name":"hexo","hostname":"CJJ","pid":15320,"level":20,"msg":"Processed: source/images/random/vateral-10.png","time":"2018-08-28T07:14:59.033Z","v":0}
{"name":"hexo","hostname":"CJJ","pid":15320,"level":20,"msg":"Processed: source/images/random/vateral-12.png","time":"2018-08-28T07:14:59.034Z","v":0}
{"name":"hexo","hostname":"CJJ","pid":15320,"level":20,"msg":"Processed: source/images/random/vateral-3.png","time":"2018-08-28T07:14:59.034Z","v":0}
{"name":"hexo","hostname":"CJJ","pid":15320,"level":20,"msg":"Processed: source/images/random/vateral-9.png","time":"2018-08-28T07:14:59.034Z","v":0}
{"name":"hexo","hostname":"CJJ","pid":15320,"level":20,"msg":"Processed: source/fonts/fontawesome-webfont.svg","time":"2018-08-28T07:14:59.036Z","v":0}
{"name":"hexo","hostname":"CJJ","pid":15320,"level":20,"msg":"Processed: source/images/random/vateral-11.png","time":"2018-08-28T07:14:59.036Z","v":0}
{"name":"hexo","hostname":"CJJ","pid":15320,"level":20,"msg":"Processed: source/images/random/vateral-19.png","time":"2018-08-28T07:14:59.036Z","v":0}
{"name":"hexo","hostname":"CJJ","pid":15320,"level":20,"msg":"Processed: source/images/random/vateral-8.png","time":"2018-08-28T07:14:59.036Z","v":0}
{"name":"hexo","hostname":"CJJ","pid":15320,"level":20,"msg":"Processed: source/images/random/vateral-1.png","time":"2018-08-28T07:14:59.038Z","v":0}
{"name":"hexo","hostname":"CJJ","pid":15320,"level":20,"msg":"Processed: source/images/random/vateral-2.png","time":"2018-08-28T07:14:59.038Z","v":0}
{"name":"hexo","hostname":"CJJ","pid":15320,"level":20,"msg":"Processed: source/fonts/Roboto-Black.ttf","time":"2018-08-28T07:14:59.041Z","v":0}
{"name":"hexo","hostname":"CJJ","pid":15320,"level":20,"msg":"Processed: source/fonts/Roboto-Bold.ttf","time":"2018-08-28T07:14:59.042Z","v":0}
{"name":"hexo","hostname":"CJJ","pid":15320,"level":20,"msg":"Processed: source/fonts/Roboto-Light.ttf","time":"2018-08-28T07:14:59.042Z","v":0}
{"name":"hexo","hostname":"CJJ","pid":15320,"level":20,"msg":"Processed: source/fonts/Roboto-Medium.ttf","time":"2018-08-28T07:14:59.042Z","v":0}
{"name":"hexo","hostname":"CJJ","pid":15320,"level":20,"msg":"Processed: source/fonts/Roboto-Regular.ttf","time":"2018-08-28T07:14:59.042Z","v":0}
{"name":"hexo","hostname":"CJJ","pid":15320,"level":20,"msg":"Processed: source/fonts/Roboto-Thin.ttf","time":"2018-08-28T07:14:59.042Z","v":0}
{"name":"hexo","hostname":"CJJ","pid":15320,"level":20,"msg":"Processed: source/images/random/vateral-7.png","time":"2018-08-28T07:14:59.044Z","v":0}
{"name":"hexo","hostname":"CJJ","pid":15320,"level":20,"msg":"Processed: source/images/random/vateral-18.png","time":"2018-08-28T07:14:59.044Z","v":0}
{"name":"hexo","hostname":"CJJ","pid":15320,"level":20,"msg":"Processed: source/images/random/vateral-5.png","time":"2018-08-28T07:14:59.044Z","v":0}
{"name":"hexo","hostname":"CJJ","pid":15320,"level":20,"msg":"Processed: source/images/random/vateral-14.png","time":"2018-08-28T07:14:59.045Z","v":0}
{"name":"hexo","hostname":"CJJ","pid":15320,"level":20,"msg":"Processed: source/js/spec/Exif2-2.pdf","time":"2018-08-28T07:14:59.045Z","v":0}
{"name":"hexo","hostname":"CJJ","pid":15320,"level":20,"msg":"Processed: source/images/random/moumao_hexo-theme-Vateral_ hexo主题-Vateral（a theme of hexo named as Vateral）.webarchive","time":"2018-08-28T07:14:59.051Z","v":0}
{"name":"hexo","hostname":"CJJ","pid":15320,"level":60,"err":{"message":"(unknown path) [Line 1, Column 154]\n  unknown block tag: ProducerArbiter","name":"Template render error","stack":"Template render error: (unknown path) [Line 1, Column 154]\n  unknown block tag: ProducerArbiter\n    at Object.exports.prettifyError (F:\\Blog\\st\\node_modules\\nunjucks\\src\\lib.js:34:15)\n    at new_cls.render (F:\\Blog\\st\\node_modules\\nunjucks\\src\\environment.js:469:27)\n    at new_cls.renderString (F:\\Blog\\st\\node_modules\\nunjucks\\src\\environment.js:327:21)\n    at F:\\Blog\\st\\node_modules\\hexo\\lib\\extend\\tag.js:66:9\n    at Promise._execute (F:\\Blog\\st\\node_modules\\bluebird\\js\\release\\debuggability.js:300:9)\n    at Promise._resolveFromExecutor (F:\\Blog\\st\\node_modules\\bluebird\\js\\release\\promise.js:483:18)\n    at new Promise (F:\\Blog\\st\\node_modules\\bluebird\\js\\release\\promise.js:79:10)\n    at Tag.render (F:\\Blog\\st\\node_modules\\hexo\\lib\\extend\\tag.js:64:10)\n    at Object.tagFilter [as onRenderEnd] (F:\\Blog\\st\\node_modules\\hexo\\lib\\hexo\\post.js:266:16)\n    at F:\\Blog\\st\\node_modules\\hexo\\lib\\hexo\\render.js:65:19\n    at tryCatcher (F:\\Blog\\st\\node_modules\\bluebird\\js\\release\\util.js:16:23)\n    at Promise._settlePromiseFromHandler (F:\\Blog\\st\\node_modules\\bluebird\\js\\release\\promise.js:512:31)\n    at Promise._settlePromise (F:\\Blog\\st\\node_modules\\bluebird\\js\\release\\promise.js:569:18)\n    at Promise._settlePromise0 (F:\\Blog\\st\\node_modules\\bluebird\\js\\release\\promise.js:614:10)\n    at Promise._settlePromises (F:\\Blog\\st\\node_modules\\bluebird\\js\\release\\promise.js:693:18)\n    at Async._drainQueue (F:\\Blog\\st\\node_modules\\bluebird\\js\\release\\async.js:133:16)\n    at Async._drainQueues (F:\\Blog\\st\\node_modules\\bluebird\\js\\release\\async.js:143:10)\n    at Immediate.Async.drainQueues (F:\\Blog\\st\\node_modules\\bluebird\\js\\release\\async.js:17:14)\n    at runCallback (timers.js:672:20)\n    at tryOnImmediate (timers.js:645:5)\n    at processImmediate [as _immediateCallback] (timers.js:617:5)"},"msg":"Something's wrong. Maybe you can find the solution here: http://hexo.io/docs/troubleshooting.html","time":"2018-08-28T07:14:59.317Z","v":0}
{"name":"hexo","hostname":"CJJ","pid":15320,"level":20,"msg":"Database saved","time":"2018-08-28T07:14:59.345Z","v":0}
